# JRE version: OpenJDK Runtime Environment (8.0_181-b02) (build 1.8.0_181-b02)
# Java VM: OpenJDK 64-Bit Server VM (25.181-b02 mixed mode linux-amd64 compressed oops)
Heap:
 PSYoungGen      total 221184K, used 12269K [0x00000000ebd80000, 0x00000000fa180000, 0x0000000100000000)
  eden space 208896K, 0% used [0x00000000ebd80000,0x00000000ebd80000,0x00000000f8980000)
  from space 12288K, 99% used [0x00000000f8980000,0x00000000f957b660,0x00000000f9580000)
  to   space 9216K, 0% used [0x00000000f9580000,0x00000000f9580000,0x00000000f9e80000)
 ParOldGen       total 34304K, used 20003K [0x00000000c3800000, 0x00000000c5980000, 0x00000000ebd80000)
  object space 34304K, 58% used [0x00000000c3800000,0x00000000c4b88c00,0x00000000c5980000)
 Metaspace       used 33702K, capacity 35428K, committed 35496K, reserved 1079296K
  class space    used 4421K, capacity 4759K, committed 4776K, reserved 1048576K
GC Heap History (10 events):
Event: 8,983 GC heap after
Heap after GC invocations=5 (full 0):
 PSYoungGen      total 66048K, used 2553K [0x00000000ebd80000, 0x00000000f4980000, 0x0000000100000000)
  eden space 63488K, 0% used [0x00000000ebd80000,0x00000000ebd80000,0x00000000efb80000)
  from space 2560K, 99% used [0x00000000efb80000,0x00000000efdfe658,0x00000000efe00000)
  to   space 8192K, 0% used [0x00000000f4180000,0x00000000f4180000,0x00000000f4980000)
 ParOldGen       total 42496K, used 9889K [0x00000000c3800000, 0x00000000c6180000, 0x00000000ebd80000)
  object space 42496K, 23% used [0x00000000c3800000,0x00000000c41a8798,0x00000000c6180000)
 Metaspace       used 18025K, capacity 18508K, committed 18688K, reserved 1064960K
  class space    used 2327K, capacity 2485K, committed 2560K, reserved 1048576K
}
Event: 9,690 GC heap before
{Heap before GC invocations=6 (full 0):
 PSYoungGen      total 66048K, used 23578K [0x00000000ebd80000, 0x00000000f4980000, 0x0000000100000000)
  eden space 63488K, 33% used [0x00000000ebd80000,0x00000000ed2082f8,0x00000000efb80000)
  from space 2560K, 99% used [0x00000000efb80000,0x00000000efdfe658,0x00000000efe00000)
  to   space 8192K, 0% used [0x00000000f4180000,0x00000000f4180000,0x00000000f4980000)
 ParOldGen       total 42496K, used 9889K [0x00000000c3800000, 0x00000000c6180000, 0x00000000ebd80000)
  object space 42496K, 23% used [0x00000000c3800000,0x00000000c41a8798,0x00000000c6180000)
 Metaspace       used 20693K, capacity 21164K, committed 21296K, reserved 1067008K
  class space    used 2673K, capacity 2817K, committed 2944K, reserved 1048576K
Event: 9,718 GC heap after
Heap after GC invocations=6 (full 0):
 PSYoungGen      total 134144K, used 4404K [0x00000000ebd80000, 0x00000000f4880000, 0x0000000100000000)
  eden space 126976K, 0% used [0x00000000ebd80000,0x00000000ebd80000,0x00000000f3980000)
  from space 7168K, 61% used [0x00000000f4180000,0x00000000f45cd178,0x00000000f4880000)
  to   space 7680K, 0% used [0x00000000f3980000,0x00000000f3980000,0x00000000f4100000)
 ParOldGen       total 42496K, used 9889K [0x00000000c3800000, 0x00000000c6180000, 0x00000000ebd80000)
  object space 42496K, 23% used [0x00000000c3800000,0x00000000c41a8798,0x00000000c6180000)
 Metaspace       used 20693K, capacity 21164K, committed 21296K, reserved 1067008K
  class space    used 2673K, capacity 2817K, committed 2944K, reserved 1048576K
}
Event: 9,719 GC heap before
{Heap before GC invocations=7 (full 1):
 PSYoungGen      total 134144K, used 4404K [0x00000000ebd80000, 0x00000000f4880000, 0x0000000100000000)
  eden space 126976K, 0% used [0x00000000ebd80000,0x00000000ebd80000,0x00000000f3980000)
  from space 7168K, 61% used [0x00000000f4180000,0x00000000f45cd178,0x00000000f4880000)
  to   space 7680K, 0% used [0x00000000f3980000,0x00000000f3980000,0x00000000f4100000)
 ParOldGen       total 42496K, used 9889K [0x00000000c3800000, 0x00000000c6180000, 0x00000000ebd80000)
  object space 42496K, 23% used [0x00000000c3800000,0x00000000c41a8798,0x00000000c6180000)
 Metaspace       used 20693K, capacity 21164K, committed 21296K, reserved 1067008K
  class space    used 2673K, capacity 2817K, committed 2944K, reserved 1048576K
Event: 9,885 GC heap after
Heap after GC invocations=7 (full 1):
 PSYoungGen      total 134144K, used 0K [0x00000000ebd80000, 0x00000000f4880000, 0x0000000100000000)
  eden space 126976K, 0% used [0x00000000ebd80000,0x00000000ebd80000,0x00000000f3980000)
  from space 7168K, 0% used [0x00000000f4180000,0x00000000f4180000,0x00000000f4880000)
  to   space 7680K, 0% used [0x00000000f3980000,0x00000000f3980000,0x00000000f4100000)
 ParOldGen       total 34304K, used 8401K [0x00000000c3800000, 0x00000000c5980000, 0x00000000ebd80000)
  object space 34304K, 24% used [0x00000000c3800000,0x00000000c4034400,0x00000000c5980000)
 Metaspace       used 20692K, capacity 21158K, committed 21296K, reserved 1067008K
  class space    used 2673K, capacity 2816K, committed 2944K, reserved 1048576K
}
Event: 26,649 GC heap before
{Heap before GC invocations=8 (full 1):
 PSYoungGen      total 134144K, used 126976K [0x00000000ebd80000, 0x00000000f4880000, 0x0000000100000000)
  eden space 126976K, 100% used [0x00000000ebd80000,0x00000000f3980000,0x00000000f3980000)
  from space 7168K, 0% used [0x00000000f4180000,0x00000000f4180000,0x00000000f4880000)
  to   space 7680K, 0% used [0x00000000f3980000,0x00000000f3980000,0x00000000f4100000)
 ParOldGen       total 34304K, used 8401K [0x00000000c3800000, 0x00000000c5980000, 0x00000000ebd80000)
  object space 34304K, 24% used [0x00000000c3800000,0x00000000c4034400,0x00000000c5980000)
 Metaspace       used 22420K, capacity 23102K, committed 23424K, reserved 1069056K
  class space    used 2917K, capacity 3104K, committed 3200K, reserved 1048576K
Event: 26,663 GC heap after
Heap after GC invocations=8 (full 1):
 PSYoungGen      total 134656K, used 7656K [0x00000000ebd80000, 0x00000000f9e80000, 0x0000000100000000)
  eden space 126976K, 0% used [0x00000000ebd80000,0x00000000ebd80000,0x00000000f3980000)
  from space 7680K, 99% used [0x00000000f3980000,0x00000000f40fa110,0x00000000f4100000)
  to   space 9216K, 0% used [0x00000000f9580000,0x00000000f9580000,0x00000000f9e80000)
 ParOldGen       total 34304K, used 8767K [0x00000000c3800000, 0x00000000c5980000, 0x00000000ebd80000)
  object space 34304K, 25% used [0x00000000c3800000,0x00000000c408fe40,0x00000000c5980000)
 Metaspace       used 22420K, capacity 23102K, committed 23424K, reserved 1069056K
  class space    used 2917K, capacity 3104K, committed 3200K, reserved 1048576K
}
Event: 28,121 GC heap before
{Heap before GC invocations=9 (full 1):
 PSYoungGen      total 134656K, used 134632K [0x00000000ebd80000, 0x00000000f9e80000, 0x0000000100000000)
  eden space 126976K, 100% used [0x00000000ebd80000,0x00000000f3980000,0x00000000f3980000)
  from space 7680K, 99% used [0x00000000f3980000,0x00000000f40fa110,0x00000000f4100000)
  to   space 9216K, 0% used [0x00000000f9580000,0x00000000f9580000,0x00000000f9e80000)
 ParOldGen       total 34304K, used 8767K [0x00000000c3800000, 0x00000000c5980000, 0x00000000ebd80000)
  object space 34304K, 25% used [0x00000000c3800000,0x00000000c408fe40,0x00000000c5980000)
 Metaspace       used 28566K, capacity 29962K, committed 30208K, reserved 1075200K
  class space    used 3811K, capacity 4084K, committed 4096K, reserved 1048576K
Event: 28,151 GC heap after
Heap after GC invocations=9 (full 1):
 PSYoungGen      total 218112K, used 9196K [0x00000000ebd80000, 0x00000000fa180000, 0x0000000100000000)
  eden space 208896K, 0% used [0x00000000ebd80000,0x00000000ebd80000,0x00000000f8980000)
  from space 9216K, 99% used [0x00000000f9580000,0x00000000f9e7b128,0x00000000f9e80000)
  to   space 12288K, 0% used [0x00000000f8980000,0x00000000f8980000,0x00000000f9580000)
 ParOldGen       total 34304K, used 12851K [0x00000000c3800000, 0x00000000c5980000, 0x00000000ebd80000)
  object space 34304K, 37% used [0x00000000c3800000,0x00000000c448cc30,0x00000000c5980000)
 Metaspace       used 28566K, capacity 29962K, committed 30208K, reserved 1075200K
  class space    used 3811K, capacity 4084K, committed 4096K, reserved 1048576K
}
Event: 29,976 GC heap before
{Heap before GC invocations=10 (full 1):
 PSYoungGen      total 218112K, used 171285K [0x00000000ebd80000, 0x00000000fa180000, 0x0000000100000000)
  eden space 208896K, 77% used [0x00000000ebd80000,0x00000000f5bca370,0x00000000f8980000)
  from space 9216K, 99% used [0x00000000f9580000,0x00000000f9e7b128,0x00000000f9e80000)
  to   space 12288K, 0% used [0x00000000f8980000,0x00000000f8980000,0x00000000f9580000)
 ParOldGen       total 34304K, used 12851K [0x00000000c3800000, 0x00000000c5980000, 0x00000000ebd80000)
  object space 34304K, 37% used [0x00000000c3800000,0x00000000c448cc30,0x00000000c5980000)
 Metaspace       used 33702K, capacity 35428K, committed 35496K, reserved 1079296K
  class space    used 4421K, capacity 4759K, committed 4776K, reserved 1048576K

